<?xml version="1.0" encoding="UTF-8"?>
<!-- Generated by org.testng.reporters.JUnitReportReporter -->
<testsuite hostname="DESKTOP-G5C64L2" failures="0" tests="1" name="fivrstproject.MyTestcases" time="12.684" errors="0" timestamp="2024-10-22T20:24:42 EET" skipped="0">
  <testcase classname="fivrstproject.MyTestcases" name="signUp" time="12.684"/>
  <system-out/>
</testsuite> <!-- fivrstproject.MyTestcases -->
